<?xml version="1.0" encoding="UTF-8"?>
<!-- Generated by org.testng.reporters.JUnitReportReporter -->
<testsuite hostname="kochetov" name="ru.st.selenium.AddFilm" tests="1" failures="0" timestamp="19 Apr 2015 12:41:08 GMT" time="5.123" errors="0">
  <testcase name="testAddFilm" time="5.123" classname="ru.st.selenium.AddFilm"/>
</testsuite> <!-- ru.st.selenium.AddFilm -->
