<?xml version="1.0" encoding="UTF-8"?>
<!-- Generated by org.testng.reporters.JUnitReportReporter -->
<testsuite hostname="kochetov" name="ru.st.selenium.Logout" tests="1" failures="0" timestamp="19 Apr 2015 12:41:08 GMT" time="1.279" errors="0">
  <testcase name="testLogout" time="1.279" classname="ru.st.selenium.Logout"/>
</testsuite> <!-- ru.st.selenium.Logout -->
