<?xml version="1.0" encoding="UTF-8"?>
<!-- Generated by org.testng.reporters.JUnitReportReporter -->
<testsuite hostname="kochetov" name="ru.st.selenium.pages.Login" tests="1" failures="0" timestamp="19 Apr 2015 12:28:39 GMT" time="5.771" errors="0">
  <testcase name="testLogin" time="5.771" classname="ru.st.selenium.pages.Login"/>
</testsuite> <!-- ru.st.selenium.pages.Login -->
