<?xml version="1.0" encoding="UTF-8"?>
<!-- Generated by org.testng.reporters.JUnitReportReporter -->
<testsuite hostname="kochetov" name="ru.st.selenium.Login" tests="1" failures="0" timestamp="19 Apr 2015 12:41:08 GMT" time="3.132" errors="0">
  <testcase name="testLogin" time="3.132" classname="ru.st.selenium.Login"/>
</testsuite> <!-- ru.st.selenium.Login -->
