<?xml version="1.0" encoding="UTF-8"?>
<!-- Generated by org.testng.reporters.JUnitReportReporter -->
<testsuite hostname="kochetov" name="ru.st.selenium.DelFilm" tests="1" failures="0" timestamp="19 Apr 2015 12:41:08 GMT" time="0.776" errors="0">
  <testcase name="testDelFilm" time="0.776" classname="ru.st.selenium.DelFilm"/>
</testsuite> <!-- ru.st.selenium.DelFilm -->
